<?xml version="1.0" encoding="UTF-8"?>
<!-- Generated by org.testng.reporters.JUnitReportReporter -->
<testsuite skipped="0" hostname="Balakrishnan-QA" name="Jenkins.TestNGGroup.SeleniumTest" tests="2" failures="0" timestamp="08 Dec 2019 14:57:17 GMT" time="0.033" errors="0">
  <testcase name="Test1" time="0.028" classname="Jenkins.TestNGGroup.SeleniumTest"/>
  <testcase name="Test2" time="0.005" classname="Jenkins.TestNGGroup.SeleniumTest"/>
</testsuite> <!-- Jenkins.TestNGGroup.SeleniumTest -->
